<?xml version="1.0" encoding="UTF-8"?>
  <testsuites tests="1" disabled="0" errors="0" failures="0" time="0.18296125">
      <testsuite name="tests" package="/Users/adam/Documents/Projects/github.com/crewlinker/gqlgen-appsync/tests" tests="1" disabled="0" skipped="0" errors="0" failures="0" time="0.18296125" timestamp="2023-01-08T10:36:40">
          <properties>
              <property name="SuiteSucceeded" value="true"></property>
              <property name="SuiteHasProgrammaticFocus" value="false"></property>
              <property name="SpecialSuiteFailureReason" value=""></property>
              <property name="SuiteLabels" value="[]"></property>
              <property name="RandomSeed" value="1673170600"></property>
              <property name="RandomizeAllSpecs" value="true"></property>
              <property name="LabelFilter" value=""></property>
              <property name="FocusStrings" value=""></property>
              <property name="SkipStrings" value=""></property>
              <property name="FocusFiles" value=""></property>
              <property name="SkipFiles" value=""></property>
              <property name="FailOnPending" value="true"></property>
              <property name="FailFast" value="false"></property>
              <property name="FlakeAttempts" value="0"></property>
              <property name="DryRun" value="false"></property>
              <property name="ParallelTotal" value="7"></property>
              <property name="OutputInterceptorMode" value=""></property>
          </properties>
          <testcase name="[It] graphql queries string" classname="tests" status="passed" time="0.177246792">
              <system-err>&gt; Enter [BeforeEach] graphql - /Users/adam/Documents/Projects/github.com/crewlinker/gqlgen-appsync/tests/tests_test.go:23 @ 01/08/23 10:36:40.345&#xA;&lt; Exit [BeforeEach] graphql - /Users/adam/Documents/Projects/github.com/crewlinker/gqlgen-appsync/tests/tests_test.go:23 @ 01/08/23 10:36:40.345 (0s)&#xA;&gt; Enter [It] string - /Users/adam/Documents/Projects/github.com/crewlinker/gqlgen-appsync/tests/tests_test.go:35 @ 01/08/23 10:36:40.345&#xA;&lt; Exit [It] string - /Users/adam/Documents/Projects/github.com/crewlinker/gqlgen-appsync/tests/tests_test.go:35 @ 01/08/23 10:36:40.522 (177ms)&#xA;</system-err>
          </testcase>
      </testsuite>
  </testsuites>